# Info: [9566]: Logging session transcript to file /nfs/home/s/s_anagal/COEN313/Project/Precision/precision.log
//  Precision RTL Synthesis  64-bit 2016.1.0.15 (Production Release) Wed Jun  8 09:35:56 PDT 2016
//  
//  Copyright (c) Mentor Graphics Corporation, 1996-2016, All Rights Reserved.
//             Portions copyright 1991-2008 Compuware Corporation
//                       UNPUBLISHED, LICENSED SOFTWARE.
//            CONFIDENTIAL AND PROPRIETARY INFORMATION WHICH IS THE
//          PROPERTY OF MENTOR GRAPHICS CORPORATION OR ITS LICENSORS
//  
//  Running on Linux s_anagal@bellow.encs.concordia.ca #1 SMP Tue Sep 7 11:01:01 CDT 2021 3.10.0-1160.42.2.el7.x86_64 x86_64
//  
//  Start time Mon Apr 11 11:50:52 2022
# -------------------------------------------------
# Info: [9566]: Logging session transcript to file /nfs/home/s/s_anagal/COEN313/Project/Precision/precision.log
# COMMAND: open_project /nfs/home/s/s_anagal/COEN313/Project/Precision/Project.psp
# Info: [9574]: Input directory: /nfs/home/s/s_anagal/COEN313/Project/Precision
# Info: [9569]: Moving session transcript to file /nfs/home/s/s_anagal/COEN313/Project/Precision/precision.log
# Info: [9575]: The Results Directory has been set to: /nfs/home/s/s_anagal/COEN313/Project/Precision/Project_impl_1/
# Info: [9565]: Appending project transcript to file /nfs/home/s/s_anagal/COEN313/Project/Precision/Project_impl_1/precision.log
# Info: [9565]: Appending suppressed messages transcript to file /nfs/home/s/s_anagal/COEN313/Project/Precision/Project_impl_1/precision.log.suppressed
# Info: [15298]: Setting up the design to use synthesis library "xcv2p.syn"
# Info: [575]: The global max fanout is currently set to 10000 for Xilinx - VIRTEX-II Pro.
# Info: [15324]: Setting Part to: "2VP30ff896".
# Info: [15325]: Setting Process to: "7".
# Info: [7512]: The place and route tool for current technology is ISE.
# Warning: [570]: Setting 'optimize_power_effort' is not allowed in RTL product mode. Ignoring.
# Info: [3022]: Reading file: /CMC/tools/mentor/precision/Mgc_home/pkgs/psr/techlibs/xcv2p.syn.
# Info: [634]: Loading library initialization file /CMC/tools/mentor/precision/Mgc_home/pkgs/psr/userware/xilinx_rename.tcl
# Info: XILINX
# Info: [9550]: Activated implementation Project_impl_1 in project /nfs/home/s/s_anagal/COEN313/Project/Precision/Project.psp.
open_project /nfs/home/s/s_anagal/COEN313/Project/Precision/Project.psp
# COMMAND: exit -force
# Info: [9530]: Closed project: /nfs/home/s/s_anagal/COEN313/Project/Precision/Project.psp.
close_project -discard
exit -force
